<?xml version="1.0" encoding="UTF-8"?>
<testsuite xmlns:xsi="http://www.w3.org/2001/XMLSchema-instance" xsi:noNamespaceSchemaLocation="https://maven.apache.org/surefire/maven-surefire-plugin/xsd/surefire-test-report.xsd" name="com.kkp.inventory_service.InventoryServiceApplicationTests" time="26.117" tests="1" errors="0" skipped="0" failures="0">
  <properties>
    <property name="java.specification.version" value="16"/>
    <property name="sun.cpu.isalist" value="amd64"/>
    <property name="sun.jnu.encoding" value="Cp1252"/>
    <property name="java.class.path" value="D:\Work_Related_Docs\Microservices_2-24\Microservices-new\microservices-new\inventory-service\target\test-classes;D:\Work_Related_Docs\Microservices_2-24\Microservices-new\microservices-new\inventory-service\target\classes;C:\Users\patil\.m2\repository\org\springframework\boot\spring-boot-starter-data-jpa\2.6.4\spring-boot-starter-data-jpa-2.6.4.jar;C:\Users\patil\.m2\repository\org\springframework\boot\spring-boot-starter-aop\2.6.4\spring-boot-starter-aop-2.6.4.jar;C:\Users\patil\.m2\repository\org\springframework\spring-aop\5.3.16\spring-aop-5.3.16.jar;C:\Users\patil\.m2\repository\org\aspectj\aspectjweaver\1.9.7\aspectjweaver-1.9.7.jar;C:\Users\patil\.m2\repository\org\springframework\boot\spring-boot-starter-jdbc\2.6.4\spring-boot-starter-jdbc-2.6.4.jar;C:\Users\patil\.m2\repository\com\zaxxer\HikariCP\4.0.3\HikariCP-4.0.3.jar;C:\Users\patil\.m2\repository\org\springframework\spring-jdbc\5.3.16\spring-jdbc-5.3.16.jar;C:\Users\patil\.m2\repository\jakarta\transaction\jakarta.transaction-api\1.3.3\jakarta.transaction-api-1.3.3.jar;C:\Users\patil\.m2\repository\jakarta\persistence\jakarta.persistence-api\2.2.3\jakarta.persistence-api-2.2.3.jar;C:\Users\patil\.m2\repository\org\hibernate\hibernate-core\5.6.5.Final\hibernate-core-5.6.5.Final.jar;C:\Users\patil\.m2\repository\org\jboss\logging\jboss-logging\3.4.3.Final\jboss-logging-3.4.3.Final.jar;C:\Users\patil\.m2\repository\net\bytebuddy\byte-buddy\1.11.22\byte-buddy-1.11.22.jar;C:\Users\patil\.m2\repository\antlr\antlr\2.7.7\antlr-2.7.7.jar;C:\Users\patil\.m2\repository\org\jboss\jandex\2.4.2.Final\jandex-2.4.2.Final.jar;C:\Users\patil\.m2\repository\com\fasterxml\classmate\1.5.1\classmate-1.5.1.jar;C:\Users\patil\.m2\repository\org\hibernate\common\hibernate-commons-annotations\5.1.2.Final\hibernate-commons-annotations-5.1.2.Final.jar;C:\Users\patil\.m2\repository\org\glassfish\jaxb\jaxb-runtime\2.3.6\jaxb-runtime-2.3.6.jar;C:\Users\patil\.m2\repository\org\glassfish\jaxb\txw2\2.3.6\txw2-2.3.6.jar;C:\Users\patil\.m2\repository\com\sun\istack\istack-commons-runtime\3.0.12\istack-commons-runtime-3.0.12.jar;C:\Users\patil\.m2\repository\com\sun\activation\jakarta.activation\1.2.2\jakarta.activation-1.2.2.jar;C:\Users\patil\.m2\repository\org\springframework\data\spring-data-jpa\2.6.2\spring-data-jpa-2.6.2.jar;C:\Users\patil\.m2\repository\org\springframework\data\spring-data-commons\2.6.2\spring-data-commons-2.6.2.jar;C:\Users\patil\.m2\repository\org\springframework\spring-orm\5.3.16\spring-orm-5.3.16.jar;C:\Users\patil\.m2\repository\org\springframework\spring-context\5.3.16\spring-context-5.3.16.jar;C:\Users\patil\.m2\repository\org\springframework\spring-tx\5.3.16\spring-tx-5.3.16.jar;C:\Users\patil\.m2\repository\org\springframework\spring-beans\5.3.16\spring-beans-5.3.16.jar;C:\Users\patil\.m2\repository\org\slf4j\slf4j-api\1.7.36\slf4j-api-1.7.36.jar;C:\Users\patil\.m2\repository\org\springframework\spring-aspects\5.3.16\spring-aspects-5.3.16.jar;C:\Users\patil\.m2\repository\org\springframework\boot\spring-boot-starter-web\2.6.4\spring-boot-starter-web-2.6.4.jar;C:\Users\patil\.m2\repository\org\springframework\boot\spring-boot-starter\2.6.4\spring-boot-starter-2.6.4.jar;C:\Users\patil\.m2\repository\org\springframework\boot\spring-boot\2.6.4\spring-boot-2.6.4.jar;C:\Users\patil\.m2\repository\org\springframework\boot\spring-boot-autoconfigure\2.6.4\spring-boot-autoconfigure-2.6.4.jar;C:\Users\patil\.m2\repository\org\springframework\boot\spring-boot-starter-logging\2.6.4\spring-boot-starter-logging-2.6.4.jar;C:\Users\patil\.m2\repository\ch\qos\logback\logback-classic\1.2.10\logback-classic-1.2.10.jar;C:\Users\patil\.m2\repository\ch\qos\logback\logback-core\1.2.10\logback-core-1.2.10.jar;C:\Users\patil\.m2\repository\org\apache\logging\log4j\log4j-to-slf4j\2.17.1\log4j-to-slf4j-2.17.1.jar;C:\Users\patil\.m2\repository\org\apache\logging\log4j\log4j-api\2.17.1\log4j-api-2.17.1.jar;C:\Users\patil\.m2\repository\org\slf4j\jul-to-slf4j\1.7.36\jul-to-slf4j-1.7.36.jar;C:\Users\patil\.m2\repository\jakarta\annotation\jakarta.annotation-api\1.3.5\jakarta.annotation-api-1.3.5.jar;C:\Users\patil\.m2\repository\org\yaml\snakeyaml\1.29\snakeyaml-1.29.jar;C:\Users\patil\.m2\repository\org\springframework\boot\spring-boot-starter-json\2.6.4\spring-boot-starter-json-2.6.4.jar;C:\Users\patil\.m2\repository\com\fasterxml\jackson\core\jackson-databind\2.13.1\jackson-databind-2.13.1.jar;C:\Users\patil\.m2\repository\com\fasterxml\jackson\datatype\jackson-datatype-jdk8\2.13.1\jackson-datatype-jdk8-2.13.1.jar;C:\Users\patil\.m2\repository\com\fasterxml\jackson\datatype\jackson-datatype-jsr310\2.13.1\jackson-datatype-jsr310-2.13.1.jar;C:\Users\patil\.m2\repository\com\fasterxml\jackson\module\jackson-module-parameter-names\2.13.1\jackson-module-parameter-names-2.13.1.jar;C:\Users\patil\.m2\repository\org\springframework\boot\spring-boot-starter-tomcat\2.6.4\spring-boot-starter-tomcat-2.6.4.jar;C:\Users\patil\.m2\repository\org\apache\tomcat\embed\tomcat-embed-core\9.0.58\tomcat-embed-core-9.0.58.jar;C:\Users\patil\.m2\repository\org\apache\tomcat\embed\tomcat-embed-el\9.0.58\tomcat-embed-el-9.0.58.jar;C:\Users\patil\.m2\repository\org\apache\tomcat\embed\tomcat-embed-websocket\9.0.58\tomcat-embed-websocket-9.0.58.jar;C:\Users\patil\.m2\repository\org\springframework\spring-web\5.3.16\spring-web-5.3.16.jar;C:\Users\patil\.m2\repository\org\springframework\spring-webmvc\5.3.16\spring-webmvc-5.3.16.jar;C:\Users\patil\.m2\repository\org\springframework\spring-expression\5.3.16\spring-expression-5.3.16.jar;C:\Users\patil\.m2\repository\mysql\mysql-connector-java\8.0.21\mysql-connector-java-8.0.21.jar;C:\Users\patil\.m2\repository\org\projectlombok\lombok\1.18.22\lombok-1.18.22.jar;C:\Users\patil\.m2\repository\org\springframework\boot\spring-boot-starter-test\2.6.4\spring-boot-starter-test-2.6.4.jar;C:\Users\patil\.m2\repository\org\springframework\boot\spring-boot-test\2.6.4\spring-boot-test-2.6.4.jar;C:\Users\patil\.m2\repository\org\springframework\boot\spring-boot-test-autoconfigure\2.6.4\spring-boot-test-autoconfigure-2.6.4.jar;C:\Users\patil\.m2\repository\com\jayway\jsonpath\json-path\2.6.0\json-path-2.6.0.jar;C:\Users\patil\.m2\repository\net\minidev\json-smart\2.4.8\json-smart-2.4.8.jar;C:\Users\patil\.m2\repository\net\minidev\accessors-smart\2.4.8\accessors-smart-2.4.8.jar;C:\Users\patil\.m2\repository\org\ow2\asm\asm\9.1\asm-9.1.jar;C:\Users\patil\.m2\repository\jakarta\xml\bind\jakarta.xml.bind-api\2.3.3\jakarta.xml.bind-api-2.3.3.jar;C:\Users\patil\.m2\repository\jakarta\activation\jakarta.activation-api\1.2.2\jakarta.activation-api-1.2.2.jar;C:\Users\patil\.m2\repository\org\assertj\assertj-core\3.21.0\assertj-core-3.21.0.jar;C:\Users\patil\.m2\repository\org\hamcrest\hamcrest\2.2\hamcrest-2.2.jar;C:\Users\patil\.m2\repository\org\junit\jupiter\junit-jupiter\5.8.2\junit-jupiter-5.8.2.jar;C:\Users\patil\.m2\repository\org\junit\jupiter\junit-jupiter-api\5.8.2\junit-jupiter-api-5.8.2.jar;C:\Users\patil\.m2\repository\org\opentest4j\opentest4j\1.2.0\opentest4j-1.2.0.jar;C:\Users\patil\.m2\repository\org\junit\platform\junit-platform-commons\1.8.2\junit-platform-commons-1.8.2.jar;C:\Users\patil\.m2\repository\org\apiguardian\apiguardian-api\1.1.2\apiguardian-api-1.1.2.jar;C:\Users\patil\.m2\repository\org\junit\jupiter\junit-jupiter-params\5.8.2\junit-jupiter-params-5.8.2.jar;C:\Users\patil\.m2\repository\org\junit\jupiter\junit-jupiter-engine\5.8.2\junit-jupiter-engine-5.8.2.jar;C:\Users\patil\.m2\repository\org\junit\platform\junit-platform-engine\1.8.2\junit-platform-engine-1.8.2.jar;C:\Users\patil\.m2\repository\org\mockito\mockito-core\4.0.0\mockito-core-4.0.0.jar;C:\Users\patil\.m2\repository\net\bytebuddy\byte-buddy-agent\1.11.22\byte-buddy-agent-1.11.22.jar;C:\Users\patil\.m2\repository\org\objenesis\objenesis\3.2\objenesis-3.2.jar;C:\Users\patil\.m2\repository\org\mockito\mockito-junit-jupiter\4.0.0\mockito-junit-jupiter-4.0.0.jar;C:\Users\patil\.m2\repository\org\skyscreamer\jsonassert\1.5.0\jsonassert-1.5.0.jar;C:\Users\patil\.m2\repository\com\vaadin\external\google\android-json\0.0.20131108.vaadin1\android-json-0.0.20131108.vaadin1.jar;C:\Users\patil\.m2\repository\org\springframework\spring-core\5.3.16\spring-core-5.3.16.jar;C:\Users\patil\.m2\repository\org\springframework\spring-jcl\5.3.16\spring-jcl-5.3.16.jar;C:\Users\patil\.m2\repository\org\springframework\spring-test\5.3.16\spring-test-5.3.16.jar;C:\Users\patil\.m2\repository\org\xmlunit\xmlunit-core\2.8.4\xmlunit-core-2.8.4.jar;C:\Users\patil\.m2\repository\org\springframework\cloud\spring-cloud-starter-netflix-eureka-client\3.1.3\spring-cloud-starter-netflix-eureka-client-3.1.3.jar;C:\Users\patil\.m2\repository\org\springframework\cloud\spring-cloud-starter\3.1.3\spring-cloud-starter-3.1.3.jar;C:\Users\patil\.m2\repository\org\springframework\cloud\spring-cloud-context\3.1.3\spring-cloud-context-3.1.3.jar;C:\Users\patil\.m2\repository\org\springframework\security\spring-security-rsa\1.0.10.RELEASE\spring-security-rsa-1.0.10.RELEASE.jar;C:\Users\patil\.m2\repository\org\bouncycastle\bcpkix-jdk15on\1.68\bcpkix-jdk15on-1.68.jar;C:\Users\patil\.m2\repository\org\bouncycastle\bcprov-jdk15on\1.68\bcprov-jdk15on-1.68.jar;C:\Users\patil\.m2\repository\org\springframework\cloud\spring-cloud-netflix-eureka-client\3.1.3\spring-cloud-netflix-eureka-client-3.1.3.jar;C:\Users\patil\.m2\repository\com\netflix\eureka\eureka-client\1.10.17\eureka-client-1.10.17.jar;C:\Users\patil\.m2\repository\com\netflix\netflix-commons\netflix-eventbus\0.3.0\netflix-eventbus-0.3.0.jar;C:\Users\patil\.m2\repository\com\netflix\netflix-commons\netflix-infix\0.3.0\netflix-infix-0.3.0.jar;C:\Users\patil\.m2\repository\commons-jxpath\commons-jxpath\1.3\commons-jxpath-1.3.jar;C:\Users\patil\.m2\repository\joda-time\joda-time\2.3\joda-time-2.3.jar;C:\Users\patil\.m2\repository\org\antlr\antlr-runtime\3.4\antlr-runtime-3.4.jar;C:\Users\patil\.m2\repository\org\antlr\stringtemplate\3.2.1\stringtemplate-3.2.1.jar;C:\Users\patil\.m2\repository\com\google\code\gson\gson\2.8.9\gson-2.8.9.jar;C:\Users\patil\.m2\repository\org\apache\commons\commons-math\2.2\commons-math-2.2.jar;C:\Users\patil\.m2\repository\com\thoughtworks\xstream\xstream\1.4.18\xstream-1.4.18.jar;C:\Users\patil\.m2\repository\io\github\x-stream\mxparser\1.2.2\mxparser-1.2.2.jar;C:\Users\patil\.m2\repository\xmlpull\xmlpull\1.1.3.1\xmlpull-1.1.3.1.jar;C:\Users\patil\.m2\repository\javax\ws\rs\jsr311-api\1.1.1\jsr311-api-1.1.1.jar;C:\Users\patil\.m2\repository\com\netflix\servo\servo-core\0.12.21\servo-core-0.12.21.jar;C:\Users\patil\.m2\repository\com\google\guava\guava\19.0\guava-19.0.jar;C:\Users\patil\.m2\repository\org\apache\httpcomponents\httpclient\4.5.13\httpclient-4.5.13.jar;C:\Users\patil\.m2\repository\org\apache\httpcomponents\httpcore\4.4.15\httpcore-4.4.15.jar;C:\Users\patil\.m2\repository\commons-codec\commons-codec\1.15\commons-codec-1.15.jar;C:\Users\patil\.m2\repository\commons-configuration\commons-configuration\1.10\commons-configuration-1.10.jar;C:\Users\patil\.m2\repository\commons-lang\commons-lang\2.6\commons-lang-2.6.jar;C:\Users\patil\.m2\repository\com\google\inject\guice\4.1.0\guice-4.1.0.jar;C:\Users\patil\.m2\repository\javax\inject\javax.inject\1\javax.inject-1.jar;C:\Users\patil\.m2\repository\com\fasterxml\jackson\core\jackson-annotations\2.13.1\jackson-annotations-2.13.1.jar;C:\Users\patil\.m2\repository\com\fasterxml\jackson\core\jackson-core\2.13.1\jackson-core-2.13.1.jar;C:\Users\patil\.m2\repository\org\codehaus\jettison\jettison\1.4.0\jettison-1.4.0.jar;C:\Users\patil\.m2\repository\com\netflix\eureka\eureka-core\1.10.17\eureka-core-1.10.17.jar;C:\Users\patil\.m2\repository\com\fasterxml\woodstox\woodstox-core\6.2.1\woodstox-core-6.2.1.jar;C:\Users\patil\.m2\repository\org\codehaus\woodstox\stax2-api\4.2.1\stax2-api-4.2.1.jar;C:\Users\patil\.m2\repository\org\springframework\cloud\spring-cloud-starter-loadbalancer\3.1.3\spring-cloud-starter-loadbalancer-3.1.3.jar;C:\Users\patil\.m2\repository\org\springframework\cloud\spring-cloud-loadbalancer\3.1.3\spring-cloud-loadbalancer-3.1.3.jar;C:\Users\patil\.m2\repository\io\projectreactor\reactor-core\3.4.15\reactor-core-3.4.15.jar;C:\Users\patil\.m2\repository\org\reactivestreams\reactive-streams\1.0.3\reactive-streams-1.0.3.jar;C:\Users\patil\.m2\repository\io\projectreactor\addons\reactor-extra\3.4.6\reactor-extra-3.4.6.jar;C:\Users\patil\.m2\repository\org\springframework\boot\spring-boot-starter-cache\2.6.4\spring-boot-starter-cache-2.6.4.jar;C:\Users\patil\.m2\repository\org\springframework\spring-context-support\5.3.16\spring-context-support-5.3.16.jar;C:\Users\patil\.m2\repository\com\stoyanr\evictor\1.0.0\evictor-1.0.0.jar;C:\Users\patil\.m2\repository\org\springframework\cloud\spring-cloud-starter-sleuth\3.1.3\spring-cloud-starter-sleuth-3.1.3.jar;C:\Users\patil\.m2\repository\org\springframework\cloud\spring-cloud-sleuth-autoconfigure\3.1.3\spring-cloud-sleuth-autoconfigure-3.1.3.jar;C:\Users\patil\.m2\repository\org\aspectj\aspectjrt\1.9.7\aspectjrt-1.9.7.jar;C:\Users\patil\.m2\repository\org\springframework\cloud\spring-cloud-sleuth-brave\3.1.3\spring-cloud-sleuth-brave-3.1.3.jar;C:\Users\patil\.m2\repository\io\zipkin\brave\brave\5.13.9\brave-5.13.9.jar;C:\Users\patil\.m2\repository\io\zipkin\brave\brave-context-slf4j\5.13.9\brave-context-slf4j-5.13.9.jar;C:\Users\patil\.m2\repository\io\zipkin\brave\brave-instrumentation-messaging\5.13.9\brave-instrumentation-messaging-5.13.9.jar;C:\Users\patil\.m2\repository\io\zipkin\brave\brave-instrumentation-rpc\5.13.9\brave-instrumentation-rpc-5.13.9.jar;C:\Users\patil\.m2\repository\io\zipkin\brave\brave-instrumentation-spring-rabbit\5.13.9\brave-instrumentation-spring-rabbit-5.13.9.jar;C:\Users\patil\.m2\repository\io\zipkin\brave\brave-instrumentation-kafka-clients\5.13.9\brave-instrumentation-kafka-clients-5.13.9.jar;C:\Users\patil\.m2\repository\io\zipkin\brave\brave-instrumentation-kafka-streams\5.13.9\brave-instrumentation-kafka-streams-5.13.9.jar;C:\Users\patil\.m2\repository\io\zipkin\brave\brave-instrumentation-httpclient\5.13.9\brave-instrumentation-httpclient-5.13.9.jar;C:\Users\patil\.m2\repository\io\zipkin\brave\brave-instrumentation-http\5.13.9\brave-instrumentation-http-5.13.9.jar;C:\Users\patil\.m2\repository\io\zipkin\brave\brave-instrumentation-httpasyncclient\5.13.9\brave-instrumentation-httpasyncclient-5.13.9.jar;C:\Users\patil\.m2\repository\io\zipkin\brave\brave-instrumentation-jms\5.13.9\brave-instrumentation-jms-5.13.9.jar;C:\Users\patil\.m2\repository\io\zipkin\brave\brave-instrumentation-mongodb\5.13.9\brave-instrumentation-mongodb-5.13.9.jar;C:\Users\patil\.m2\repository\io\zipkin\aws\brave-propagation-aws\0.21.3\brave-propagation-aws-0.21.3.jar;C:\Users\patil\.m2\repository\io\zipkin\reporter2\zipkin-reporter-metrics-micrometer\2.16.3\zipkin-reporter-metrics-micrometer-2.16.3.jar;C:\Users\patil\.m2\repository\org\springframework\cloud\spring-cloud-sleuth-zipkin\3.1.3\spring-cloud-sleuth-zipkin-3.1.3.jar;C:\Users\patil\.m2\repository\org\springframework\cloud\spring-cloud-sleuth-instrumentation\3.1.3\spring-cloud-sleuth-instrumentation-3.1.3.jar;C:\Users\patil\.m2\repository\org\springframework\cloud\spring-cloud-sleuth-api\3.1.3\spring-cloud-sleuth-api-3.1.3.jar;C:\Users\patil\.m2\repository\org\springframework\cloud\spring-cloud-commons\3.1.3\spring-cloud-commons-3.1.3.jar;C:\Users\patil\.m2\repository\org\springframework\security\spring-security-crypto\5.6.2\spring-security-crypto-5.6.2.jar;C:\Users\patil\.m2\repository\io\zipkin\zipkin2\zipkin\2.23.2\zipkin-2.23.2.jar;C:\Users\patil\.m2\repository\io\zipkin\reporter2\zipkin-reporter\2.16.3\zipkin-reporter-2.16.3.jar;C:\Users\patil\.m2\repository\io\zipkin\reporter2\zipkin-reporter-brave\2.16.3\zipkin-reporter-brave-2.16.3.jar;C:\Users\patil\.m2\repository\io\zipkin\reporter2\zipkin-sender-kafka\2.16.3\zipkin-sender-kafka-2.16.3.jar;C:\Users\patil\.m2\repository\io\zipkin\reporter2\zipkin-sender-activemq-client\2.16.3\zipkin-sender-activemq-client-2.16.3.jar;C:\Users\patil\.m2\repository\io\zipkin\reporter2\zipkin-sender-amqp-client\2.16.3\zipkin-sender-amqp-client-2.16.3.jar;C:\Users\patil\.m2\repository\org\springframework\boot\spring-boot-starter-actuator\2.6.4\spring-boot-starter-actuator-2.6.4.jar;C:\Users\patil\.m2\repository\org\springframework\boot\spring-boot-actuator-autoconfigure\2.6.4\spring-boot-actuator-autoconfigure-2.6.4.jar;C:\Users\patil\.m2\repository\org\springframework\boot\spring-boot-actuator\2.6.4\spring-boot-actuator-2.6.4.jar;C:\Users\patil\.m2\repository\io\micrometer\micrometer-core\1.8.3\micrometer-core-1.8.3.jar;C:\Users\patil\.m2\repository\org\hdrhistogram\HdrHistogram\2.1.12\HdrHistogram-2.1.12.jar;C:\Users\patil\.m2\repository\org\latencyutils\LatencyUtils\2.0.3\LatencyUtils-2.0.3.jar;C:\Users\patil\.m2\repository\io\micrometer\micrometer-registry-prometheus\1.8.3\micrometer-registry-prometheus-1.8.3.jar;C:\Users\patil\.m2\repository\io\prometheus\simpleclient_common\0.12.0\simpleclient_common-0.12.0.jar;C:\Users\patil\.m2\repository\io\prometheus\simpleclient\0.12.0\simpleclient-0.12.0.jar;C:\Users\patil\.m2\repository\io\prometheus\simpleclient_tracer_otel\0.12.0\simpleclient_tracer_otel-0.12.0.jar;C:\Users\patil\.m2\repository\io\prometheus\simpleclient_tracer_common\0.12.0\simpleclient_tracer_common-0.12.0.jar;C:\Users\patil\.m2\repository\io\prometheus\simpleclient_tracer_otel_agent\0.12.0\simpleclient_tracer_otel_agent-0.12.0.jar;"/>
    <property name="java.vm.vendor" value="Oracle Corporation"/>
    <property name="sun.arch.data.model" value="64"/>
    <property name="user.variant" value=""/>
    <property name="java.vendor.url" value="https://java.oracle.com/"/>
    <property name="user.timezone" value="Asia/Calcutta"/>
    <property name="os.name" value="Windows 10"/>
    <property name="java.vm.specification.version" value="16"/>
    <property name="sun.java.launcher" value="SUN_STANDARD"/>
    <property name="user.country" value="IN"/>
    <property name="sun.boot.library.path" value="D:\Softwares\eclipse\plugins\org.eclipse.justj.openjdk.hotspot.jre.full.win32.x86_64_16.0.1.v20210528-1205\jre\bin"/>
    <property name="sun.java.command" value="C:\Users\patil\AppData\Local\Temp\surefire12027935371606643037\surefirebooter12833121225425009858.jar C:\Users\patil\AppData\Local\Temp\surefire12027935371606643037 2024-10-15T15-37-41_532-jvmRun1 surefire17340007026061499975tmp surefire_011008562799183201152tmp"/>
    <property name="jdk.debug" value="release"/>
    <property name="surefire.test.class.path" value="D:\Work_Related_Docs\Microservices_2-24\Microservices-new\microservices-new\inventory-service\target\test-classes;D:\Work_Related_Docs\Microservices_2-24\Microservices-new\microservices-new\inventory-service\target\classes;C:\Users\patil\.m2\repository\org\springframework\boot\spring-boot-starter-data-jpa\2.6.4\spring-boot-starter-data-jpa-2.6.4.jar;C:\Users\patil\.m2\repository\org\springframework\boot\spring-boot-starter-aop\2.6.4\spring-boot-starter-aop-2.6.4.jar;C:\Users\patil\.m2\repository\org\springframework\spring-aop\5.3.16\spring-aop-5.3.16.jar;C:\Users\patil\.m2\repository\org\aspectj\aspectjweaver\1.9.7\aspectjweaver-1.9.7.jar;C:\Users\patil\.m2\repository\org\springframework\boot\spring-boot-starter-jdbc\2.6.4\spring-boot-starter-jdbc-2.6.4.jar;C:\Users\patil\.m2\repository\com\zaxxer\HikariCP\4.0.3\HikariCP-4.0.3.jar;C:\Users\patil\.m2\repository\org\springframework\spring-jdbc\5.3.16\spring-jdbc-5.3.16.jar;C:\Users\patil\.m2\repository\jakarta\transaction\jakarta.transaction-api\1.3.3\jakarta.transaction-api-1.3.3.jar;C:\Users\patil\.m2\repository\jakarta\persistence\jakarta.persistence-api\2.2.3\jakarta.persistence-api-2.2.3.jar;C:\Users\patil\.m2\repository\org\hibernate\hibernate-core\5.6.5.Final\hibernate-core-5.6.5.Final.jar;C:\Users\patil\.m2\repository\org\jboss\logging\jboss-logging\3.4.3.Final\jboss-logging-3.4.3.Final.jar;C:\Users\patil\.m2\repository\net\bytebuddy\byte-buddy\1.11.22\byte-buddy-1.11.22.jar;C:\Users\patil\.m2\repository\antlr\antlr\2.7.7\antlr-2.7.7.jar;C:\Users\patil\.m2\repository\org\jboss\jandex\2.4.2.Final\jandex-2.4.2.Final.jar;C:\Users\patil\.m2\repository\com\fasterxml\classmate\1.5.1\classmate-1.5.1.jar;C:\Users\patil\.m2\repository\org\hibernate\common\hibernate-commons-annotations\5.1.2.Final\hibernate-commons-annotations-5.1.2.Final.jar;C:\Users\patil\.m2\repository\org\glassfish\jaxb\jaxb-runtime\2.3.6\jaxb-runtime-2.3.6.jar;C:\Users\patil\.m2\repository\org\glassfish\jaxb\txw2\2.3.6\txw2-2.3.6.jar;C:\Users\patil\.m2\repository\com\sun\istack\istack-commons-runtime\3.0.12\istack-commons-runtime-3.0.12.jar;C:\Users\patil\.m2\repository\com\sun\activation\jakarta.activation\1.2.2\jakarta.activation-1.2.2.jar;C:\Users\patil\.m2\repository\org\springframework\data\spring-data-jpa\2.6.2\spring-data-jpa-2.6.2.jar;C:\Users\patil\.m2\repository\org\springframework\data\spring-data-commons\2.6.2\spring-data-commons-2.6.2.jar;C:\Users\patil\.m2\repository\org\springframework\spring-orm\5.3.16\spring-orm-5.3.16.jar;C:\Users\patil\.m2\repository\org\springframework\spring-context\5.3.16\spring-context-5.3.16.jar;C:\Users\patil\.m2\repository\org\springframework\spring-tx\5.3.16\spring-tx-5.3.16.jar;C:\Users\patil\.m2\repository\org\springframework\spring-beans\5.3.16\spring-beans-5.3.16.jar;C:\Users\patil\.m2\repository\org\slf4j\slf4j-api\1.7.36\slf4j-api-1.7.36.jar;C:\Users\patil\.m2\repository\org\springframework\spring-aspects\5.3.16\spring-aspects-5.3.16.jar;C:\Users\patil\.m2\repository\org\springframework\boot\spring-boot-starter-web\2.6.4\spring-boot-starter-web-2.6.4.jar;C:\Users\patil\.m2\repository\org\springframework\boot\spring-boot-starter\2.6.4\spring-boot-starter-2.6.4.jar;C:\Users\patil\.m2\repository\org\springframework\boot\spring-boot\2.6.4\spring-boot-2.6.4.jar;C:\Users\patil\.m2\repository\org\springframework\boot\spring-boot-autoconfigure\2.6.4\spring-boot-autoconfigure-2.6.4.jar;C:\Users\patil\.m2\repository\org\springframework\boot\spring-boot-starter-logging\2.6.4\spring-boot-starter-logging-2.6.4.jar;C:\Users\patil\.m2\repository\ch\qos\logback\logback-classic\1.2.10\logback-classic-1.2.10.jar;C:\Users\patil\.m2\repository\ch\qos\logback\logback-core\1.2.10\logback-core-1.2.10.jar;C:\Users\patil\.m2\repository\org\apache\logging\log4j\log4j-to-slf4j\2.17.1\log4j-to-slf4j-2.17.1.jar;C:\Users\patil\.m2\repository\org\apache\logging\log4j\log4j-api\2.17.1\log4j-api-2.17.1.jar;C:\Users\patil\.m2\repository\org\slf4j\jul-to-slf4j\1.7.36\jul-to-slf4j-1.7.36.jar;C:\Users\patil\.m2\repository\jakarta\annotation\jakarta.annotation-api\1.3.5\jakarta.annotation-api-1.3.5.jar;C:\Users\patil\.m2\repository\org\yaml\snakeyaml\1.29\snakeyaml-1.29.jar;C:\Users\patil\.m2\repository\org\springframework\boot\spring-boot-starter-json\2.6.4\spring-boot-starter-json-2.6.4.jar;C:\Users\patil\.m2\repository\com\fasterxml\jackson\core\jackson-databind\2.13.1\jackson-databind-2.13.1.jar;C:\Users\patil\.m2\repository\com\fasterxml\jackson\datatype\jackson-datatype-jdk8\2.13.1\jackson-datatype-jdk8-2.13.1.jar;C:\Users\patil\.m2\repository\com\fasterxml\jackson\datatype\jackson-datatype-jsr310\2.13.1\jackson-datatype-jsr310-2.13.1.jar;C:\Users\patil\.m2\repository\com\fasterxml\jackson\module\jackson-module-parameter-names\2.13.1\jackson-module-parameter-names-2.13.1.jar;C:\Users\patil\.m2\repository\org\springframework\boot\spring-boot-starter-tomcat\2.6.4\spring-boot-starter-tomcat-2.6.4.jar;C:\Users\patil\.m2\repository\org\apache\tomcat\embed\tomcat-embed-core\9.0.58\tomcat-embed-core-9.0.58.jar;C:\Users\patil\.m2\repository\org\apache\tomcat\embed\tomcat-embed-el\9.0.58\tomcat-embed-el-9.0.58.jar;C:\Users\patil\.m2\repository\org\apache\tomcat\embed\tomcat-embed-websocket\9.0.58\tomcat-embed-websocket-9.0.58.jar;C:\Users\patil\.m2\repository\org\springframework\spring-web\5.3.16\spring-web-5.3.16.jar;C:\Users\patil\.m2\repository\org\springframework\spring-webmvc\5.3.16\spring-webmvc-5.3.16.jar;C:\Users\patil\.m2\repository\org\springframework\spring-expression\5.3.16\spring-expression-5.3.16.jar;C:\Users\patil\.m2\repository\mysql\mysql-connector-java\8.0.21\mysql-connector-java-8.0.21.jar;C:\Users\patil\.m2\repository\org\projectlombok\lombok\1.18.22\lombok-1.18.22.jar;C:\Users\patil\.m2\repository\org\springframework\boot\spring-boot-starter-test\2.6.4\spring-boot-starter-test-2.6.4.jar;C:\Users\patil\.m2\repository\org\springframework\boot\spring-boot-test\2.6.4\spring-boot-test-2.6.4.jar;C:\Users\patil\.m2\repository\org\springframework\boot\spring-boot-test-autoconfigure\2.6.4\spring-boot-test-autoconfigure-2.6.4.jar;C:\Users\patil\.m2\repository\com\jayway\jsonpath\json-path\2.6.0\json-path-2.6.0.jar;C:\Users\patil\.m2\repository\net\minidev\json-smart\2.4.8\json-smart-2.4.8.jar;C:\Users\patil\.m2\repository\net\minidev\accessors-smart\2.4.8\accessors-smart-2.4.8.jar;C:\Users\patil\.m2\repository\org\ow2\asm\asm\9.1\asm-9.1.jar;C:\Users\patil\.m2\repository\jakarta\xml\bind\jakarta.xml.bind-api\2.3.3\jakarta.xml.bind-api-2.3.3.jar;C:\Users\patil\.m2\repository\jakarta\activation\jakarta.activation-api\1.2.2\jakarta.activation-api-1.2.2.jar;C:\Users\patil\.m2\repository\org\assertj\assertj-core\3.21.0\assertj-core-3.21.0.jar;C:\Users\patil\.m2\repository\org\hamcrest\hamcrest\2.2\hamcrest-2.2.jar;C:\Users\patil\.m2\repository\org\junit\jupiter\junit-jupiter\5.8.2\junit-jupiter-5.8.2.jar;C:\Users\patil\.m2\repository\org\junit\jupiter\junit-jupiter-api\5.8.2\junit-jupiter-api-5.8.2.jar;C:\Users\patil\.m2\repository\org\opentest4j\opentest4j\1.2.0\opentest4j-1.2.0.jar;C:\Users\patil\.m2\repository\org\junit\platform\junit-platform-commons\1.8.2\junit-platform-commons-1.8.2.jar;C:\Users\patil\.m2\repository\org\apiguardian\apiguardian-api\1.1.2\apiguardian-api-1.1.2.jar;C:\Users\patil\.m2\repository\org\junit\jupiter\junit-jupiter-params\5.8.2\junit-jupiter-params-5.8.2.jar;C:\Users\patil\.m2\repository\org\junit\jupiter\junit-jupiter-engine\5.8.2\junit-jupiter-engine-5.8.2.jar;C:\Users\patil\.m2\repository\org\junit\platform\junit-platform-engine\1.8.2\junit-platform-engine-1.8.2.jar;C:\Users\patil\.m2\repository\org\mockito\mockito-core\4.0.0\mockito-core-4.0.0.jar;C:\Users\patil\.m2\repository\net\bytebuddy\byte-buddy-agent\1.11.22\byte-buddy-agent-1.11.22.jar;C:\Users\patil\.m2\repository\org\objenesis\objenesis\3.2\objenesis-3.2.jar;C:\Users\patil\.m2\repository\org\mockito\mockito-junit-jupiter\4.0.0\mockito-junit-jupiter-4.0.0.jar;C:\Users\patil\.m2\repository\org\skyscreamer\jsonassert\1.5.0\jsonassert-1.5.0.jar;C:\Users\patil\.m2\repository\com\vaadin\external\google\android-json\0.0.20131108.vaadin1\android-json-0.0.20131108.vaadin1.jar;C:\Users\patil\.m2\repository\org\springframework\spring-core\5.3.16\spring-core-5.3.16.jar;C:\Users\patil\.m2\repository\org\springframework\spring-jcl\5.3.16\spring-jcl-5.3.16.jar;C:\Users\patil\.m2\repository\org\springframework\spring-test\5.3.16\spring-test-5.3.16.jar;C:\Users\patil\.m2\repository\org\xmlunit\xmlunit-core\2.8.4\xmlunit-core-2.8.4.jar;C:\Users\patil\.m2\repository\org\springframework\cloud\spring-cloud-starter-netflix-eureka-client\3.1.3\spring-cloud-starter-netflix-eureka-client-3.1.3.jar;C:\Users\patil\.m2\repository\org\springframework\cloud\spring-cloud-starter\3.1.3\spring-cloud-starter-3.1.3.jar;C:\Users\patil\.m2\repository\org\springframework\cloud\spring-cloud-context\3.1.3\spring-cloud-context-3.1.3.jar;C:\Users\patil\.m2\repository\org\springframework\security\spring-security-rsa\1.0.10.RELEASE\spring-security-rsa-1.0.10.RELEASE.jar;C:\Users\patil\.m2\repository\org\bouncycastle\bcpkix-jdk15on\1.68\bcpkix-jdk15on-1.68.jar;C:\Users\patil\.m2\repository\org\bouncycastle\bcprov-jdk15on\1.68\bcprov-jdk15on-1.68.jar;C:\Users\patil\.m2\repository\org\springframework\cloud\spring-cloud-netflix-eureka-client\3.1.3\spring-cloud-netflix-eureka-client-3.1.3.jar;C:\Users\patil\.m2\repository\com\netflix\eureka\eureka-client\1.10.17\eureka-client-1.10.17.jar;C:\Users\patil\.m2\repository\com\netflix\netflix-commons\netflix-eventbus\0.3.0\netflix-eventbus-0.3.0.jar;C:\Users\patil\.m2\repository\com\netflix\netflix-commons\netflix-infix\0.3.0\netflix-infix-0.3.0.jar;C:\Users\patil\.m2\repository\commons-jxpath\commons-jxpath\1.3\commons-jxpath-1.3.jar;C:\Users\patil\.m2\repository\joda-time\joda-time\2.3\joda-time-2.3.jar;C:\Users\patil\.m2\repository\org\antlr\antlr-runtime\3.4\antlr-runtime-3.4.jar;C:\Users\patil\.m2\repository\org\antlr\stringtemplate\3.2.1\stringtemplate-3.2.1.jar;C:\Users\patil\.m2\repository\com\google\code\gson\gson\2.8.9\gson-2.8.9.jar;C:\Users\patil\.m2\repository\org\apache\commons\commons-math\2.2\commons-math-2.2.jar;C:\Users\patil\.m2\repository\com\thoughtworks\xstream\xstream\1.4.18\xstream-1.4.18.jar;C:\Users\patil\.m2\repository\io\github\x-stream\mxparser\1.2.2\mxparser-1.2.2.jar;C:\Users\patil\.m2\repository\xmlpull\xmlpull\1.1.3.1\xmlpull-1.1.3.1.jar;C:\Users\patil\.m2\repository\javax\ws\rs\jsr311-api\1.1.1\jsr311-api-1.1.1.jar;C:\Users\patil\.m2\repository\com\netflix\servo\servo-core\0.12.21\servo-core-0.12.21.jar;C:\Users\patil\.m2\repository\com\google\guava\guava\19.0\guava-19.0.jar;C:\Users\patil\.m2\repository\org\apache\httpcomponents\httpclient\4.5.13\httpclient-4.5.13.jar;C:\Users\patil\.m2\repository\org\apache\httpcomponents\httpcore\4.4.15\httpcore-4.4.15.jar;C:\Users\patil\.m2\repository\commons-codec\commons-codec\1.15\commons-codec-1.15.jar;C:\Users\patil\.m2\repository\commons-configuration\commons-configuration\1.10\commons-configuration-1.10.jar;C:\Users\patil\.m2\repository\commons-lang\commons-lang\2.6\commons-lang-2.6.jar;C:\Users\patil\.m2\repository\com\google\inject\guice\4.1.0\guice-4.1.0.jar;C:\Users\patil\.m2\repository\javax\inject\javax.inject\1\javax.inject-1.jar;C:\Users\patil\.m2\repository\com\fasterxml\jackson\core\jackson-annotations\2.13.1\jackson-annotations-2.13.1.jar;C:\Users\patil\.m2\repository\com\fasterxml\jackson\core\jackson-core\2.13.1\jackson-core-2.13.1.jar;C:\Users\patil\.m2\repository\org\codehaus\jettison\jettison\1.4.0\jettison-1.4.0.jar;C:\Users\patil\.m2\repository\com\netflix\eureka\eureka-core\1.10.17\eureka-core-1.10.17.jar;C:\Users\patil\.m2\repository\com\fasterxml\woodstox\woodstox-core\6.2.1\woodstox-core-6.2.1.jar;C:\Users\patil\.m2\repository\org\codehaus\woodstox\stax2-api\4.2.1\stax2-api-4.2.1.jar;C:\Users\patil\.m2\repository\org\springframework\cloud\spring-cloud-starter-loadbalancer\3.1.3\spring-cloud-starter-loadbalancer-3.1.3.jar;C:\Users\patil\.m2\repository\org\springframework\cloud\spring-cloud-loadbalancer\3.1.3\spring-cloud-loadbalancer-3.1.3.jar;C:\Users\patil\.m2\repository\io\projectreactor\reactor-core\3.4.15\reactor-core-3.4.15.jar;C:\Users\patil\.m2\repository\org\reactivestreams\reactive-streams\1.0.3\reactive-streams-1.0.3.jar;C:\Users\patil\.m2\repository\io\projectreactor\addons\reactor-extra\3.4.6\reactor-extra-3.4.6.jar;C:\Users\patil\.m2\repository\org\springframework\boot\spring-boot-starter-cache\2.6.4\spring-boot-starter-cache-2.6.4.jar;C:\Users\patil\.m2\repository\org\springframework\spring-context-support\5.3.16\spring-context-support-5.3.16.jar;C:\Users\patil\.m2\repository\com\stoyanr\evictor\1.0.0\evictor-1.0.0.jar;C:\Users\patil\.m2\repository\org\springframework\cloud\spring-cloud-starter-sleuth\3.1.3\spring-cloud-starter-sleuth-3.1.3.jar;C:\Users\patil\.m2\repository\org\springframework\cloud\spring-cloud-sleuth-autoconfigure\3.1.3\spring-cloud-sleuth-autoconfigure-3.1.3.jar;C:\Users\patil\.m2\repository\org\aspectj\aspectjrt\1.9.7\aspectjrt-1.9.7.jar;C:\Users\patil\.m2\repository\org\springframework\cloud\spring-cloud-sleuth-brave\3.1.3\spring-cloud-sleuth-brave-3.1.3.jar;C:\Users\patil\.m2\repository\io\zipkin\brave\brave\5.13.9\brave-5.13.9.jar;C:\Users\patil\.m2\repository\io\zipkin\brave\brave-context-slf4j\5.13.9\brave-context-slf4j-5.13.9.jar;C:\Users\patil\.m2\repository\io\zipkin\brave\brave-instrumentation-messaging\5.13.9\brave-instrumentation-messaging-5.13.9.jar;C:\Users\patil\.m2\repository\io\zipkin\brave\brave-instrumentation-rpc\5.13.9\brave-instrumentation-rpc-5.13.9.jar;C:\Users\patil\.m2\repository\io\zipkin\brave\brave-instrumentation-spring-rabbit\5.13.9\brave-instrumentation-spring-rabbit-5.13.9.jar;C:\Users\patil\.m2\repository\io\zipkin\brave\brave-instrumentation-kafka-clients\5.13.9\brave-instrumentation-kafka-clients-5.13.9.jar;C:\Users\patil\.m2\repository\io\zipkin\brave\brave-instrumentation-kafka-streams\5.13.9\brave-instrumentation-kafka-streams-5.13.9.jar;C:\Users\patil\.m2\repository\io\zipkin\brave\brave-instrumentation-httpclient\5.13.9\brave-instrumentation-httpclient-5.13.9.jar;C:\Users\patil\.m2\repository\io\zipkin\brave\brave-instrumentation-http\5.13.9\brave-instrumentation-http-5.13.9.jar;C:\Users\patil\.m2\repository\io\zipkin\brave\brave-instrumentation-httpasyncclient\5.13.9\brave-instrumentation-httpasyncclient-5.13.9.jar;C:\Users\patil\.m2\repository\io\zipkin\brave\brave-instrumentation-jms\5.13.9\brave-instrumentation-jms-5.13.9.jar;C:\Users\patil\.m2\repository\io\zipkin\brave\brave-instrumentation-mongodb\5.13.9\brave-instrumentation-mongodb-5.13.9.jar;C:\Users\patil\.m2\repository\io\zipkin\aws\brave-propagation-aws\0.21.3\brave-propagation-aws-0.21.3.jar;C:\Users\patil\.m2\repository\io\zipkin\reporter2\zipkin-reporter-metrics-micrometer\2.16.3\zipkin-reporter-metrics-micrometer-2.16.3.jar;C:\Users\patil\.m2\repository\org\springframework\cloud\spring-cloud-sleuth-zipkin\3.1.3\spring-cloud-sleuth-zipkin-3.1.3.jar;C:\Users\patil\.m2\repository\org\springframework\cloud\spring-cloud-sleuth-instrumentation\3.1.3\spring-cloud-sleuth-instrumentation-3.1.3.jar;C:\Users\patil\.m2\repository\org\springframework\cloud\spring-cloud-sleuth-api\3.1.3\spring-cloud-sleuth-api-3.1.3.jar;C:\Users\patil\.m2\repository\org\springframework\cloud\spring-cloud-commons\3.1.3\spring-cloud-commons-3.1.3.jar;C:\Users\patil\.m2\repository\org\springframework\security\spring-security-crypto\5.6.2\spring-security-crypto-5.6.2.jar;C:\Users\patil\.m2\repository\io\zipkin\zipkin2\zipkin\2.23.2\zipkin-2.23.2.jar;C:\Users\patil\.m2\repository\io\zipkin\reporter2\zipkin-reporter\2.16.3\zipkin-reporter-2.16.3.jar;C:\Users\patil\.m2\repository\io\zipkin\reporter2\zipkin-reporter-brave\2.16.3\zipkin-reporter-brave-2.16.3.jar;C:\Users\patil\.m2\repository\io\zipkin\reporter2\zipkin-sender-kafka\2.16.3\zipkin-sender-kafka-2.16.3.jar;C:\Users\patil\.m2\repository\io\zipkin\reporter2\zipkin-sender-activemq-client\2.16.3\zipkin-sender-activemq-client-2.16.3.jar;C:\Users\patil\.m2\repository\io\zipkin\reporter2\zipkin-sender-amqp-client\2.16.3\zipkin-sender-amqp-client-2.16.3.jar;C:\Users\patil\.m2\repository\org\springframework\boot\spring-boot-starter-actuator\2.6.4\spring-boot-starter-actuator-2.6.4.jar;C:\Users\patil\.m2\repository\org\springframework\boot\spring-boot-actuator-autoconfigure\2.6.4\spring-boot-actuator-autoconfigure-2.6.4.jar;C:\Users\patil\.m2\repository\org\springframework\boot\spring-boot-actuator\2.6.4\spring-boot-actuator-2.6.4.jar;C:\Users\patil\.m2\repository\io\micrometer\micrometer-core\1.8.3\micrometer-core-1.8.3.jar;C:\Users\patil\.m2\repository\org\hdrhistogram\HdrHistogram\2.1.12\HdrHistogram-2.1.12.jar;C:\Users\patil\.m2\repository\org\latencyutils\LatencyUtils\2.0.3\LatencyUtils-2.0.3.jar;C:\Users\patil\.m2\repository\io\micrometer\micrometer-registry-prometheus\1.8.3\micrometer-registry-prometheus-1.8.3.jar;C:\Users\patil\.m2\repository\io\prometheus\simpleclient_common\0.12.0\simpleclient_common-0.12.0.jar;C:\Users\patil\.m2\repository\io\prometheus\simpleclient\0.12.0\simpleclient-0.12.0.jar;C:\Users\patil\.m2\repository\io\prometheus\simpleclient_tracer_otel\0.12.0\simpleclient_tracer_otel-0.12.0.jar;C:\Users\patil\.m2\repository\io\prometheus\simpleclient_tracer_common\0.12.0\simpleclient_tracer_common-0.12.0.jar;C:\Users\patil\.m2\repository\io\prometheus\simpleclient_tracer_otel_agent\0.12.0\simpleclient_tracer_otel_agent-0.12.0.jar;"/>
    <property name="sun.cpu.endian" value="little"/>
    <property name="user.home" value="C:\Users\patil"/>
    <property name="user.language" value="en"/>
    <property name="java.specification.vendor" value="Oracle Corporation"/>
    <property name="java.version.date" value="2021-04-20"/>
    <property name="java.home" value="D:\Softwares\eclipse\plugins\org.eclipse.justj.openjdk.hotspot.jre.full.win32.x86_64_16.0.1.v20210528-1205\jre"/>
    <property name="file.separator" value="\"/>
    <property name="basedir" value="D:\Work_Related_Docs\Microservices_2-24\Microservices-new\microservices-new\inventory-service"/>
    <property name="java.vm.compressedOopsMode" value="Zero based"/>
    <property name="line.separator" value="&#10;"/>
    <property name="java.vm.specification.vendor" value="Oracle Corporation"/>
    <property name="java.specification.name" value="Java Platform API Specification"/>
    <property name="surefire.real.class.path" value="C:\Users\patil\AppData\Local\Temp\surefire12027935371606643037\surefirebooter12833121225425009858.jar"/>
    <property name="user.script" value=""/>
    <property name="sun.management.compiler" value="HotSpot 64-Bit Tiered Compilers"/>
    <property name="java.runtime.version" value="16.0.1+9-24"/>
    <property name="user.name" value="patil"/>
    <property name="path.separator" value=";"/>
    <property name="os.version" value="10.0"/>
    <property name="java.runtime.name" value="OpenJDK Runtime Environment"/>
    <property name="file.encoding" value="Cp1252"/>
    <property name="java.vm.name" value="OpenJDK 64-Bit Server VM"/>
    <property name="localRepository" value="C:\Users\patil\.m2\repository"/>
    <property name="java.vendor.url.bug" value="https://bugreport.java.com/bugreport/"/>
    <property name="java.io.tmpdir" value="C:\Users\patil\AppData\Local\Temp\"/>
    <property name="java.version" value="16.0.1"/>
    <property name="user.dir" value="D:\Work_Related_Docs\Microservices_2-24\Microservices-new\microservices-new\inventory-service"/>
    <property name="os.arch" value="amd64"/>
    <property name="java.vm.specification.name" value="Java Virtual Machine Specification"/>
    <property name="sun.os.patch.level" value=""/>
    <property name="java.library.path" value="D:\Softwares\eclipse\plugins\org.eclipse.justj.openjdk.hotspot.jre.full.win32.x86_64_16.0.1.v20210528-1205\jre\bin;C:\WINDOWS\Sun\Java\bin;C:\WINDOWS\system32;C:\WINDOWS;D:/Softwares/eclipse//plugins/org.eclipse.justj.openjdk.hotspot.jre.full.win32.x86_64_16.0.1.v20210528-1205/jre/bin/server;D:/Softwares/eclipse//plugins/org.eclipse.justj.openjdk.hotspot.jre.full.win32.x86_64_16.0.1.v20210528-1205/jre/bin;C:\Program Files (x86)\VMware\VMware Player\bin\;C:\ProgramData\Oracle\Java\javapath;C:\Windows\system32;C:\Windows;C:\Windows\System32\Wbem;C:\Windows\System32\WindowsPowerShell\v1.0\;C:\Windows\System32\OpenSSH\;C:\Program Files (x86)\NVIDIA Corporation\PhysX\Common;C:\Program Files\Git\cmd;C:\Program Files\Inkscape\bin;C:\Users\patil\AppData\Local\Android\sdk\platform-tools;C:\Users\patil\AppData\Local\Android\sdk\tools;C:\Program Files\Java\jdk1.8.0_60\bin;C:\WINDOWS\system32;C:\WINDOWS;C:\WINDOWS\System32\Wbem;C:\WINDOWS\System32\WindowsPowerShell\v1.0\;C:\WINDOWS\System32\OpenSSH\;C:\Users\patil\soft\apache-maven-3.8.1\bin;C:\Program Files\dotnet\;C:\Program Files\nodejs\;C:\Program Files (x86)\HP\HP OCR\DB_Lib\;C:\Program Files\HP\Common\HPDestPlgIn\;C:\Program Files (x86)\HP\Common\HPDestPlgIn\;C:\Program Files\Cloudflare\Cloudflare WARP\;C:\Program Files\Docker\Docker\resources\bin;C:\ProgramData\DockerDesktop\version-bin;C:\Program Files\MySQL\MySQL Shell 8.0\bin\;C:\Users\patil\anaconda3;C:\Users\patil\anaconda3\Library\mingw-w64\bin;C:\Users\patil\anaconda3\Library\usr\bin;C:\Users\patil\anaconda3\Library\bin;C:\Users\patil\anaconda3\Scripts;C:\Users\patil\AppData\Local\Microsoft\WindowsApps;C:\Users\patil\AppData\Local\Programs\Microsoft VS Code\bin;C:\Program Files\Java\jdk1.8.0_60\bin;C:\Program Files\JetBrains\IntelliJ IDEA Community Edition 2022.2\bin;;C:\Users\patil\AppData\Roaming\npm;C:\Users\patil\Downloads\openssl-1.0.2j-fips-x86_64\OpenSSL\bin;C:\Program Files\HP\Common\HPDestPlgIn\;C:\Program Files (x86)\HP\Common\HPDestPlgIn\;D:\Softwares\eclipse;;."/>
    <property name="java.vm.info" value="mixed mode"/>
    <property name="java.vendor" value="Oracle Corporation"/>
    <property name="java.vm.version" value="16.0.1+9-24"/>
    <property name="sun.io.unicode.encoding" value="UnicodeLittle"/>
    <property name="java.class.version" value="60.0"/>
  </properties>
  <testcase name="contextLoads" classname="com.kkp.inventory_service.InventoryServiceApplicationTests" time="0.618"/>
</testsuite>